
> blazemates@1.0.0 build
> expo export --platform web

env: load .env
env: export EXPO_PUBLIC_SUPABASE_ANON_KEY EXPO_PUBLIC_SUPABASE_URL
Starting Metro Bundler
Static rendering is enabled. Learn more: https://docs.expo.dev/router/reference/static-rendering/
Web node_modules/expo-router/entry.js ░░░░░░░░░░░░░░░░  0.0% (0/1)
λ node_modules/expo-router/node/render.js ░░░░░░░░░░░░░░░░  0.0% (0/1)
Web node_modules/expo-router/entry.js ▓▓▓▓▓▓░░░░░░░░░░ 41.3% (10/20)
λ node_modules/expo-router/node/render.js ▓░░░░░░░░░░░░░░░  7.7% ( 5/19)
Web node_modules/expo-router/entry.js ▓▓▓▓▓▓░░░░░░░░░░ 41.3% ( 19/109)
λ node_modules/expo-router/node/render.js ▓░░░░░░░░░░░░░░░ 10.0% ( 16/124)
Web node_modules/expo-router/entry.js ▓▓▓▓▓▓░░░░░░░░░░ 41.3% ( 50/137)
λ node_modules/expo-router/node/render.js ▓░░░░░░░░░░░░░░░ 10.0% ( 19/124)
Web node_modules/expo-router/entry.js ▓▓▓▓▓▓░░░░░░░░░░ 41.3% ( 69/162)
λ node_modules/expo-router/node/render.js ▓░░░░░░░░░░░░░░░ 10.0% ( 19/124)
Web node_modules/expo-router/entry.js ▓▓▓▓▓▓░░░░░░░░░░ 41.3% ( 81/167)
λ node_modules/expo-router/node/render.js ▓░░░░░░░░░░░░░░░ 10.0% ( 58/184)
Web node_modules/expo-router/entry.js ▓▓▓▓▓▓░░░░░░░░░░ 41.3% ( 81/167)
λ node_modules/expo-router/node/render.js ▓▓░░░░░░░░░░░░░░ 15.8% ( 87/219)
Web node_modules/expo-router/entry.js ▓▓▓▓▓▓░░░░░░░░░░ 41.3% ( 81/167)
λ node_modules/expo-router/node/render.js ▓▓▓░░░░░░░░░░░░░ 19.3% (107/285)
Web node_modules/expo-router/entry.js ▓▓▓▓▓▓░░░░░░░░░░ 41.3% ( 81/167)
λ node_modules/expo-router/node/render.js ▓▓▓░░░░░░░░░░░░░ 19.3% (119/307)
Web node_modules/expo-router/entry.js ▓▓▓▓▓▓░░░░░░░░░░ 41.3% (105/175)
λ node_modules/expo-router/node/render.js ▓▓▓░░░░░░░░░░░░░ 19.3% (122/317)
Web node_modules/expo-router/entry.js ▓▓▓▓▓▓░░░░░░░░░░ 41.3% (133/215)
λ node_modules/expo-router/node/render.js ▓▓▓░░░░░░░░░░░░░ 19.3% (124/324)
Web node_modules/expo-router/entry.js ▓▓▓▓▓▓▓▓░░░░░░░░ 50.1% (165/233)
λ node_modules/expo-router/node/render.js ▓▓▓░░░░░░░░░░░░░ 19.3% (132/331)
Web node_modules/expo-router/entry.js ▓▓▓▓▓▓▓▓░░░░░░░░ 51.4% (167/234)
λ node_modules/expo-router/node/render.js ▓▓▓░░░░░░░░░░░░░ 20.3% (162/360)
Web node_modules/expo-router/entry.js ▓▓▓▓▓▓▓▓░░░░░░░░ 51.4% (167/234)
λ node_modules/expo-router/node/render.js ▓▓▓▓░░░░░░░░░░░░ 26.3% (212/413)
Web node_modules/expo-router/entry.js ▓▓▓▓▓▓▓▓░░░░░░░░ 51.4% (167/234)
λ node_modules/expo-router/node/render.js ▓▓▓▓▓░░░░░░░░░░░ 33.9% (253/448)
Web node_modules/expo-router/entry.js ▓▓▓▓▓▓▓▓░░░░░░░░ 51.4% (167/234)
λ node_modules/expo-router/node/render.js ▓▓▓▓▓░░░░░░░░░░░ 33.9% (258/453)
Web node_modules/expo-router/entry.js ▓▓▓▓▓▓▓▓░░░░░░░░ 51.4% (167/234)
λ node_modules/expo-router/node/render.js ▓▓▓▓▓░░░░░░░░░░░ 34.6% (270/459)
Web node_modules/expo-router/entry.js ▓▓▓▓▓▓▓▓░░░░░░░░ 51.4% (167/234)
λ node_modules/expo-router/node/render.js ▓▓▓▓▓▓░░░░░░░░░░ 37.8% (287/467)
Web node_modules/expo-router/entry.js ▓▓▓▓▓▓▓▓░░░░░░░░ 51.4% (186/282)
λ node_modules/expo-router/node/render.js ▓▓▓▓▓▓░░░░░░░░░░ 43.7% (326/493)
Web node_modules/expo-router/entry.js ▓▓▓▓▓▓▓▓░░░░░░░░ 51.4% (221/366)
λ node_modules/expo-router/node/render.js ▓▓▓▓▓▓░░░░░░░░░░ 43.7% (326/493)
Web node_modules/expo-router/entry.js ▓▓▓▓▓▓▓▓░░░░░░░░ 51.4% (232/373)
λ node_modules/expo-router/node/render.js ▓▓▓▓▓▓▓▓░░░░░░░░ 50.4% (350/493)
Web node_modules/expo-router/entry.js ▓▓▓▓▓▓▓▓░░░░░░░░ 51.4% (244/374)
λ node_modules/expo-router/node/render.js ▓▓▓▓▓▓▓▓░░░░░░░░ 52.3% (360/498)
Web node_modules/expo-router/entry.js ▓▓▓▓▓▓▓▓░░░░░░░░ 51.4% (244/374)
λ node_modules/expo-router/node/render.js ▓▓▓▓▓▓▓▓░░░░░░░░ 54.2% (372/517)
Web node_modules/expo-router/entry.js ▓▓▓▓▓▓▓▓░░░░░░░░ 51.4% (244/374)
λ node_modules/expo-router/node/render.js ▓▓▓▓▓▓▓▓▓░░░░░░░ 56.5% (394/524)
Web node_modules/expo-router/entry.js ▓▓▓▓▓▓▓▓░░░░░░░░ 51.4% (245/374)
λ node_modules/expo-router/node/render.js ▓▓▓▓▓▓▓▓▓░░░░░░░ 61.2% (424/542)
Web node_modules/expo-router/entry.js ▓▓▓▓▓▓▓▓░░░░░░░░ 51.4% (245/374)
λ node_modules/expo-router/node/render.js ▓▓▓▓▓▓▓▓▓▓░░░░░░ 64.0% (449/567)
Web node_modules/expo-router/entry.js ▓▓▓▓▓▓▓▓░░░░░░░░ 51.4% (245/374)
λ node_modules/expo-router/node/render.js ▓▓▓▓▓▓▓▓▓▓░░░░░░ 66.5% (469/575)
Web node_modules/expo-router/entry.js ▓▓▓▓▓▓▓▓░░░░░░░░ 51.4% (252/387)
λ node_modules/expo-router/node/render.js ▓▓▓▓▓▓▓▓▓▓▓░░░░░ 69.6% (491/591)
Web node_modules/expo-router/entry.js ▓▓▓▓▓▓▓▓░░░░░░░░ 51.4% (258/393)
λ node_modules/expo-router/node/render.js ▓▓▓▓▓▓▓▓▓▓▓░░░░░ 69.6% (491/591)
Web node_modules/expo-router/entry.js ▓▓▓▓▓▓▓▓░░░░░░░░ 51.4% (265/404)
λ node_modules/expo-router/node/render.js ▓▓▓▓▓▓▓▓▓▓▓░░░░░ 69.6% (491/591)
Web node_modules/expo-router/entry.js ▓▓▓▓▓▓▓▓░░░░░░░░ 51.4% (296/464)
λ node_modules/expo-router/node/render.js ▓▓▓▓▓▓▓▓▓▓▓░░░░░ 69.6% (491/591)
Web node_modules/expo-router/entry.js ▓▓▓▓▓▓▓▓░░░░░░░░ 51.4% (338/494)
λ node_modules/expo-router/node/render.js ▓▓▓▓▓▓▓▓▓▓▓░░░░░ 71.8% (504/595)
Web node_modules/expo-router/entry.js ▓▓▓▓▓▓▓▓░░░░░░░░ 51.4% (339/496)
λ node_modules/expo-router/node/render.js ▓▓▓▓▓▓▓▓▓▓▓▓░░░░ 78.5% (553/624)
Web node_modules/expo-router/entry.js ▓▓▓▓▓▓▓▓░░░░░░░░ 51.4% (343/496)
λ node_modules/expo-router/node/render.js ▓▓▓▓▓▓▓▓▓▓▓▓░░░░ 79.5% ( 575/2315)
Web node_modules/expo-router/entry.js ▓▓▓▓▓▓▓▓▓░░░░░░░ 58.1% (401/526)
λ node_modules/expo-router/node/render.js ▓▓▓▓▓▓▓▓▓▓▓▓░░░░ 79.5% ( 586/2325)
Web node_modules/expo-router/entry.js ▓▓▓▓▓▓▓▓▓▓▓░░░░░ 70.2% (454/542)
λ node_modules/expo-router/node/render.js ▓▓▓▓▓▓▓▓▓▓▓▓░░░░ 79.5% ( 605/2334)
Web node_modules/expo-router/entry.js ▓▓▓▓▓▓▓▓▓▓▓░░░░░ 73.4% (474/556)
λ node_modules/expo-router/node/render.js ▓▓▓▓▓▓▓▓▓▓▓▓░░░░ 79.5% ( 651/2358)
Web node_modules/expo-router/entry.js ▓▓▓▓▓▓▓▓▓▓▓░░░░░ 73.4% (474/556)
λ node_modules/expo-router/node/render.js ▓▓▓▓▓▓▓▓▓▓▓▓░░░░ 79.5% ( 773/2358)
Web node_modules/expo-router/entry.js ▓▓▓▓▓▓▓▓▓▓▓░░░░░ 73.4% (474/556)
λ node_modules/expo-router/node/render.js ▓▓▓▓▓▓▓▓▓▓▓▓░░░░ 79.5% ( 884/2358)
Web node_modules/expo-router/entry.js ▓▓▓▓▓▓▓▓▓▓▓░░░░░ 73.4% (474/556)
λ node_modules/expo-router/node/render.js ▓▓▓▓▓▓▓▓▓▓▓▓░░░░ 79.5% (1001/2358)
Web node_modules/expo-router/entry.js ▓▓▓▓▓▓▓▓▓▓▓░░░░░ 73.4% (474/556)
λ node_modules/expo-router/node/render.js ▓▓▓▓▓▓▓▓▓▓▓▓░░░░ 79.5% (1137/2358)
Web node_modules/expo-router/entry.js ▓▓▓▓▓▓▓▓▓▓▓░░░░░ 73.4% (474/556)
λ node_modules/expo-router/node/render.js ▓▓▓▓▓▓▓▓▓▓▓▓░░░░ 79.5% (1247/2358)
Web node_modules/expo-router/entry.js ▓▓▓▓▓▓▓▓▓▓▓░░░░░ 73.4% ( 484/2246)
λ node_modules/expo-router/node/render.js ▓▓▓▓▓▓▓▓▓▓▓▓░░░░ 79.5% (1338/2358)
Web node_modules/expo-router/entry.js ▓▓▓▓▓▓▓▓▓▓▓░░░░░ 73.4% ( 494/2246)
λ node_modules/expo-router/node/render.js ▓▓▓▓▓▓▓▓▓▓▓▓░░░░ 79.5% (1479/2358)
Web node_modules/expo-router/entry.js ▓▓▓▓▓▓▓▓▓▓▓░░░░░ 73.4% ( 494/2246)
λ node_modules/expo-router/node/render.js ▓▓▓▓▓▓▓▓▓▓▓▓░░░░ 79.5% (1680/2358)
Web node_modules/expo-router/entry.js ▓▓▓▓▓▓▓▓▓▓▓░░░░░ 73.4% ( 494/2246)
λ node_modules/expo-router/node/render.js ▓▓▓▓▓▓▓▓▓▓▓▓░░░░ 79.5% (1876/2358)
Web node_modules/expo-router/entry.js ▓▓▓▓▓▓▓▓▓▓▓░░░░░ 73.4% ( 494/2246)
λ node_modules/expo-router/node/render.js ▓▓▓▓▓▓▓▓▓▓▓▓░░░░ 79.5% (2069/2358)
Web node_modules/expo-router/entry.js ▓▓▓▓▓▓▓▓▓▓▓░░░░░ 73.4% ( 494/2246)
λ node_modules/expo-router/node/render.js ▓▓▓▓▓▓▓▓▓▓▓▓▓▓░░ 91.3% (2253/2358)
Web node_modules/expo-router/entry.js ▓▓▓▓▓▓▓▓▓▓▓░░░░░ 73.4% ( 523/2285)
λ node_modules/expo-router/node/render.js ▓▓▓▓▓▓▓▓▓▓▓▓▓▓▓░ 95.9% (2325/2379)
Web node_modules/expo-router/entry.js ▓▓▓▓▓▓▓▓▓▓▓░░░░░ 73.4% ( 557/2316)
λ node_modules/expo-router/node/render.js ▓▓▓▓▓▓▓▓▓▓▓▓▓▓▓░ 96.0% (2344/2396)
Web node_modules/expo-router/entry.js ▓▓▓▓▓▓▓▓▓▓▓░░░░░ 73.4% ( 642/2316)
λ node_modules/expo-router/node/render.js ▓▓▓▓▓▓▓▓▓▓▓▓▓▓▓░ 96.0% (2355/2403)
Web node_modules/expo-router/entry.js ▓▓▓▓▓▓▓▓▓▓▓░░░░░ 73.4% ( 803/2316)
λ node_modules/expo-router/node/render.js ▓▓▓▓▓▓▓▓▓▓▓▓▓▓▓░ 96.0% (2355/2403)
Web node_modules/expo-router/entry.js ▓▓▓▓▓▓▓▓▓▓▓░░░░░ 73.4% ( 993/2316)
λ node_modules/expo-router/node/render.js ▓▓▓▓▓▓▓▓▓▓▓▓▓▓▓░ 96.0% (2355/2403)
Web node_modules/expo-router/entry.js ▓▓▓▓▓▓▓▓▓▓▓░░░░░ 73.4% (1141/2316)
λ node_modules/expo-router/node/render.js ▓▓▓▓▓▓▓▓▓▓▓▓▓▓▓░ 96.0% (2355/2403)
Web node_modules/expo-router/entry.js ▓▓▓▓▓▓▓▓▓▓▓░░░░░ 73.4% (1312/2316)
λ node_modules/expo-router/node/render.js ▓▓▓▓▓▓▓▓▓▓▓▓▓▓▓░ 96.0% (2355/2403)
Web node_modules/expo-router/entry.js ▓▓▓▓▓▓▓▓▓▓▓░░░░░ 73.4% (1482/2316)
λ node_modules/expo-router/node/render.js ▓▓▓▓▓▓▓▓▓▓▓▓▓▓▓░ 96.0% (2355/2403)
Web node_modules/expo-router/entry.js ▓▓▓▓▓▓▓▓▓▓▓░░░░░ 73.4% (1675/2316)
λ node_modules/expo-router/node/render.js ▓▓▓▓▓▓▓▓▓▓▓▓▓▓▓░ 96.0% (2355/2403)
Web node_modules/expo-router/entry.js ▓▓▓▓▓▓▓▓▓▓▓░░░░░ 73.4% (1859/2316)
λ node_modules/expo-router/node/render.js ▓▓▓▓▓▓▓▓▓▓▓▓▓▓▓░ 96.0% (2355/2403)
Web node_modules/expo-router/entry.js ▓▓▓▓▓▓▓▓▓▓▓▓░░░░ 80.8% (2082/2316)
λ node_modules/expo-router/node/render.js ▓▓▓▓▓▓▓▓▓▓▓▓▓▓▓░ 96.0% (2355/2403)
Web node_modules/expo-router/entry.js ▓▓▓▓▓▓▓▓▓▓▓▓▓▓░░ 93.1% (2240/2321)
λ node_modules/expo-router/node/render.js ▓▓▓▓▓▓▓▓▓▓▓▓▓▓▓░ 96.1% (2368/2475)
Web node_modules/expo-router/entry.js ▓▓▓▓▓▓▓▓▓▓▓▓▓▓▓░ 96.7% (2307/2348)
λ node_modules/expo-router/node/render.js ▓▓▓▓▓▓▓▓▓▓▓▓▓▓▓░ 96.1% (2394/2486)
Web node_modules/expo-router/entry.js ▓▓▓▓▓▓▓▓▓▓▓▓▓▓▓░ 96.7% (2319/2363)
λ node_modules/expo-router/node/render.js ▓▓▓▓▓▓▓▓▓▓▓▓▓▓▓░ 96.1% (2435/2540)
Web node_modules/expo-router/entry.js ▓▓▓▓▓▓▓▓▓▓▓▓▓▓▓░ 96.9% (2332/2369)
λ node_modules/expo-router/node/render.js ▓▓▓▓▓▓▓▓▓▓▓▓▓▓▓░ 96.1% (2478/2577)
Web node_modules/expo-router/entry.js ▓▓▓▓▓▓▓▓▓▓▓▓▓▓▓░ 97.3% (2357/2392)
λ node_modules/expo-router/node/render.js ▓▓▓▓▓▓▓▓▓▓▓▓▓▓▓░ 96.1% (2488/2586)
Web node_modules/expo-router/entry.js ▓▓▓▓▓▓▓▓▓▓▓▓▓▓▓░ 97.4% (2361/2392)
λ node_modules/expo-router/node/render.js ▓▓▓▓▓▓▓▓▓▓▓▓▓▓▓░ 96.1% (2542/2612)
Web node_modules/expo-router/entry.js ▓▓▓▓▓▓▓▓▓▓▓▓▓▓▓░ 97.4% (2371/2441)
λ node_modules/expo-router/node/render.js ▓▓▓▓▓▓▓▓▓▓▓▓▓▓▓░ 96.1% (2581/2660)
Web node_modules/expo-router/entry.js ▓▓▓▓▓▓▓▓▓▓▓▓▓▓▓░ 97.4% (2397/2446)
λ node_modules/expo-router/node/render.js ▓▓▓▓▓▓▓▓▓▓▓▓▓▓▓░ 96.1% (2603/2666)
Web node_modules/expo-router/entry.js ▓▓▓▓▓▓▓▓▓▓▓▓▓▓▓░ 97.4% (2408/2447)
λ node_modules/expo-router/node/render.js ▓▓▓▓▓▓▓▓▓▓▓▓▓▓▓░ 96.2% (2648/2700)
Web node_modules/expo-router/entry.js ▓▓▓▓▓▓▓▓▓▓▓▓▓▓▓░ 97.5% (2442/2478)
λ node_modules/expo-router/node/render.js ▓▓▓▓▓▓▓▓▓▓▓▓▓▓▓░ 96.9% (2670/2713)
Web node_modules/expo-router/entry.js ▓▓▓▓▓▓▓▓▓▓▓▓▓▓▓░ 98.1% (2473/2499)
λ node_modules/expo-router/node/render.js ▓▓▓▓▓▓▓▓▓▓▓▓▓▓▓░ 99.3% (2710/2720)
λ Bundling failed 248620ms node_modules/expo-router/node/render.js (2729 modules)
SyntaxError: app/assets/ombre_weed_background.jpg: unsupported file type: undefined (file: /tmp/cc-agent/61912519/project/app/assets/ombre_weed_background.jpg)
TypeError: unsupported file type: undefined (file: /tmp/cc-agent/61912519/project/app/assets/ombre_weed_background.jpg)
    at lookup (/tmp/cc-agent/61912519/project/node_modules/image-size/dist/index.js:42:11)
    at imageSize (/tmp/cc-agent/61912519/project/node_modules/image-size/dist/index.js:113:16)
    at getAssetData (/tmp/cc-agent/61912519/project/node_modules/metro/src/Assets.js:140:32)
    at async getUniversalAssetData (/tmp/cc-agent/61912519/project/node_modules/@expo/metro-config/build/transform-worker/getAssets.js:74:28)
    at async Object.transform (/tmp/cc-agent/61912519/project/node_modules/@expo/metro-config/build/transform-worker/asset-transformer.js:61:18)
    at async transformAsset (/tmp/cc-agent/61912519/project/node_modules/@expo/metro-config/build/transform-worker/metro-transform-worker.js:439:20)
